[INFO] Scanning for projects...
[INFO] 
[INFO] --------------------------< com.loan:system >---------------------------
[INFO] Building Intelligent Loan Default Prediction System 0.0.1-SNAPSHOT
[INFO]   from pom.xml
[INFO] --------------------------------[ jar ]---------------------------------
[INFO] 
[INFO] >>> spring-boot:3.2.0:run (default-cli) > test-compile @ system >>>
[INFO] 
[INFO] --- resources:3.3.1:resources (default-resources) @ system ---
[INFO] Copying 1 resource from src\main\resources to target\classes
[INFO] Copying 0 resource from src\main\resources to target\classes
[INFO] 
[INFO] --- compiler:3.11.0:compile (default-compile) @ system ---
[INFO] Nothing to compile - all classes are up to date
[INFO] 
[INFO] --- resources:3.3.1:testResources (default-testResources) @ system ---
[INFO] skip non existing resourceDirectory C:\Users\RahilN\Desktop\Intelligent Loan Default Prediction System\backend\src\test\resources
[INFO] 
[INFO] --- compiler:3.11.0:testCompile (default-testCompile) @ system ---
[INFO] No sources to compile
[INFO] 
[INFO] <<< spring-boot:3.2.0:run (default-cli) < test-compile @ system <<<
[INFO] 
[INFO] 
[INFO] --- spring-boot:3.2.0:run (default-cli) @ system ---
[INFO] Attaching agents: []

  .   ____          _            __ _ _
 /\\ / ___'_ __ _ _(_)_ __  __ _ \ \ \ \
( ( )\___ | '_ | '_| | '_ \/ _` | \ \ \ \
 \\/  ___)| |_)| | | | | || (_| |  ) ) ) )
  '  |____| .__|_| |_|_| |_\__, | / / / /
 =========|_|==============|___/=/_/_/_/
 :: Spring Boot ::                (v3.2.0)

2025-11-26T18:58:56.820+05:30  INFO 7596 --- [loan-system] [           main] com.loan.system.LoanSystemApplication    : Starting LoanSystemApplication using Java 23.0.1 with PID 7596 (C:\Users\RahilN\Desktop\Intelligent Loan Default Prediction System\backend\target\classes started by AbrarW in C:\Users\RahilN\Desktop\Intelligent Loan Default Prediction System\backend)
2025-11-26T18:58:56.823+05:30  INFO 7596 --- [loan-system] [           main] com.loan.system.LoanSystemApplication    : No active profile set, falling back to 1 default profile: "default"
2025-11-26T18:58:57.678+05:30  INFO 7596 --- [loan-system] [           main] .s.d.r.c.RepositoryConfigurationDelegate : Bootstrapping Spring Data JPA repositories in DEFAULT mode.
2025-11-26T18:58:57.741+05:30  INFO 7596 --- [loan-system] [           main] .s.d.r.c.RepositoryConfigurationDelegate : Finished Spring Data repository scanning in 54 ms. Found 3 JPA repository interfaces.
2025-11-26T18:58:58.351+05:30  INFO 7596 --- [loan-system] [           main] o.s.b.w.embedded.tomcat.TomcatWebServer  : Tomcat initialized with port 8081 (http)
2025-11-26T18:58:58.361+05:30  INFO 7596 --- [loan-system] [           main] o.apache.catalina.core.StandardService   : Starting service [Tomcat]
2025-11-26T18:58:58.362+05:30  INFO 7596 --- [loan-system] [           main] o.apache.catalina.core.StandardEngine    : Starting Servlet engine: [Apache Tomcat/10.1.16]
2025-11-26T18:58:58.436+05:30  INFO 7596 --- [loan-system] [           main] o.a.c.c.C.[Tomcat].[localhost].[/]       : Initializing Spring embedded WebApplicationContext
2025-11-26T18:58:58.438+05:30  INFO 7596 --- [loan-system] [           main] w.s.c.ServletWebServerApplicationContext : Root WebApplicationContext: initialization completed in 1500 ms
2025-11-26T18:58:58.620+05:30  INFO 7596 --- [loan-system] [           main] o.hibernate.jpa.internal.util.LogHelper  : HHH000204: Processing PersistenceUnitInfo [name: default]
2025-11-26T18:58:58.674+05:30  INFO 7596 --- [loan-system] [           main] org.hibernate.Version                    : HHH000412: Hibernate ORM core version 6.3.1.Final
2025-11-26T18:58:58.708+05:30  INFO 7596 --- [loan-system] [           main] o.h.c.internal.RegionFactoryInitiator    : HHH000026: Second-level cache disabled
2025-11-26T18:58:58.941+05:30  INFO 7596 --- [loan-system] [           main] o.s.o.j.p.SpringPersistenceUnitInfo      : No LoadTimeWeaver setup: ignoring JPA class transformer
2025-11-26T18:58:58.966+05:30  INFO 7596 --- [loan-system] [           main] com.zaxxer.hikari.HikariDataSource       : HikariPool-1 - Starting...
2025-11-26T18:58:59.182+05:30  INFO 7596 --- [loan-system] [           main] com.zaxxer.hikari.pool.HikariPool        : HikariPool-1 - Added connection org.postgresql.jdbc.PgConnection@19eea77c
2025-11-26T18:58:59.184+05:30  INFO 7596 --- [loan-system] [           main] com.zaxxer.hikari.HikariDataSource       : HikariPool-1 - Start completed.
2025-11-26T18:58:59.222+05:30  WARN 7596 --- [loan-system] [           main] org.hibernate.orm.deprecation            : HHH90000025: PostgreSQLDialect does not need to be specified explicitly using 'hibernate.dialect' (remove the property setting and it will be selected by default)
2025-11-26T18:59:00.957+05:30  INFO 7596 --- [loan-system] [           main] o.h.e.t.j.p.i.JtaPlatformInitiator       : HHH000489: No JTA platform available (set 'hibernate.transaction.jta.platform' to enable JTA platform integration)
2025-11-26T18:59:01.108+05:30  INFO 7596 --- [loan-system] [           main] j.LocalContainerEntityManagerFactoryBean : Initialized JPA EntityManagerFactory for persistence unit 'default'
2025-11-26T18:59:01.825+05:30  WARN 7596 --- [loan-system] [           main] JpaBaseConfiguration$JpaWebConfiguration : spring.jpa.open-in-view is enabled by default. Therefore, database queries may be performed during view rendering. Explicitly configure spring.jpa.open-in-view to disable this warning
2025-11-26T18:59:01.852+05:30  WARN 7596 --- [loan-system] [           main] .s.s.UserDetailsServiceAutoConfiguration : 

Using generated security password: eafa2379-c8d0-4ec1-930e-bbbdece10789

This generated password is for development use only. Your security configuration must be updated before running your application in production.

2025-11-26T18:59:02.204+05:30  INFO 7596 --- [loan-system] [           main] o.s.s.web.DefaultSecurityFilterChain     : Will secure any request with [org.springframework.security.web.session.DisableEncodeUrlFilter@22561412, org.springframework.security.web.context.request.async.WebAsyncManagerIntegrationFilter@32153bbe, org.springframework.security.web.context.SecurityContextHolderFilter@34f32575, org.springframework.security.web.header.HeaderWriterFilter@29693b1d, org.springframework.web.filter.CorsFilter@4806fbf7, org.springframework.security.web.authentication.logout.LogoutFilter@481c1e92, org.springframework.security.web.savedrequest.RequestCacheAwareFilter@7c013560, org.springframework.security.web.servletapi.SecurityContextHolderAwareRequestFilter@feab3ae, org.springframework.security.web.authentication.AnonymousAuthenticationFilter@4280b20b, org.springframework.security.web.access.ExceptionTranslationFilter@6802c10e, org.springframework.security.web.access.intercept.AuthorizationFilter@893081e]
2025-11-26T18:59:02.471+05:30  WARN 7596 --- [loan-system] [           main] ConfigServletWebServerApplicationContext : Exception encountered during context initialization - cancelling refresh attempt: org.springframework.context.ApplicationContextException: Failed to start bean 'webServerStartStop'
2025-11-26T18:59:02.473+05:30  INFO 7596 --- [loan-system] [           main] j.LocalContainerEntityManagerFactoryBean : Closing JPA EntityManagerFactory for persistence unit 'default'
2025-11-26T18:59:02.474+05:30  INFO 7596 --- [loan-system] [           main] com.zaxxer.hikari.HikariDataSource       : HikariPool-1 - Shutdown initiated...
2025-11-26T18:59:02.482+05:30  INFO 7596 --- [loan-system] [           main] com.zaxxer.hikari.HikariDataSource       : HikariPool-1 - Shutdown completed.
2025-11-26T18:59:02.501+05:30  INFO 7596 --- [loan-system] [           main] .s.b.a.l.ConditionEvaluationReportLogger : 

Error starting ApplicationContext. To display the condition evaluation report re-run your application with 'debug' enabled.
2025-11-26T18:59:02.520+05:30 ERROR 7596 --- [loan-system] [           main] o.s.b.d.LoggingFailureAnalysisReporter   : 

***************************
APPLICATION FAILED TO START
***************************

Description:

Web server failed to start. Port 8081 was already in use.

Action:

Identify and stop the process that's listening on port 8081 or configure this application to listen on another port.

[INFO] ------------------------------------------------------------------------
[INFO] BUILD FAILURE
[INFO] ------------------------------------------------------------------------
[INFO] Total time:  9.824 s
[INFO] Finished at: 2025-11-26T18:59:02+05:30
[INFO] ------------------------------------------------------------------------
[ERROR] Failed to execute goal org.springframework.boot:spring-boot-maven-plugin:3.2.0:run (default-cli) on project system: Process terminated with exit code: 1 -> [Help 1]
[ERROR] 
[ERROR] To see the full stack trace of the errors, re-run Maven with the -e switch.
[ERROR] Re-run Maven using the -X switch to enable full debug logging.
[ERROR] 
[ERROR] For more information about the errors and possible solutions, please read the following articles:
[ERROR] [Help 1] http://cwiki.apache.org/confluence/display/MAVEN/MojoExecutionException
